Arguments: 
  C:\Program Files (x86)\nodejs\node.exe C:\Users\F.C.Barcelona\AppData\Roaming\npm\node_modules\yarn\bin\yarn.js install

PATH: 
  C:\Windows\system32;C:\Windows;C:\Windows\System32\Wbem;C:\Windows\System32\WindowsPowerShell\v1.0\;C:\Windows\System32\OpenSSH\;C:\Program Files\Git\cmd;C:\Program Files (x86)\nodejs\;C:\xampp\php;C:\ProgramData\ComposerSetup\bin;C:\Users\F.C.Barcelona\AppData\Local\Programs\Python\Python38;C:\Users\F.C.Barcelona\AppData\Local\Programs\Python\Python38\Scripts;C:\Users\F.C.Barcelona\AppData\Local\Microsoft\WindowsApps;;C:\Users\F.C.Barcelona\AppData\Local\Programs\Microsoft VS Code\bin;C:\Users\F.C.Barcelona\AppData\Roaming\npm;C:\Users\F.C.Barcelona\AppData\Roaming\Composer\vendor\bin

Yarn version: 
  1.22.10

Node version: 
  14.17.3

Platform: 
  win32 ia32

Trace: 
  Error: https://registry.yarnpkg.com/date-fns/-/date-fns-2.22.1.tgz: ESOCKETTIMEDOUT
      at ClientRequest.<anonymous> (C:\Users\F.C.Barcelona\AppData\Roaming\npm\node_modules\yarn\lib\cli.js:141289:19)
      at Object.onceWrapper (events.js:481:28)
      at ClientRequest.emit (events.js:375:28)
      at TLSSocket.emitRequestTimeout (_http_client.js:790:9)
      at Object.onceWrapper (events.js:481:28)
      at TLSSocket.emit (events.js:387:35)
      at TLSSocket.Socket._onTimeout (net.js:484:8)
      at listOnTimeout (internal/timers.js:557:17)
      at processTimers (internal/timers.js:500:7)

npm manifest: 
  {
    "name": "visa",
    "version": "3.0.1",
    "description": "Visa Issuer Admin",
    "scripts": {
      "start": "webpack-dev-server --inline --history-api-fallback --progress --config webpack/dev.js",
      "server": "nodemon server/index",
      "client": "npm start",
      "dev": "concurrently \"npm run server\" \"npm run client\"",
      "build": "webpack --config webpack/prod.js"
    },
    "keywords": [
      "reactjs"
    ],
    "author": "Colored Strategies",
    "license": "ISC",
    "devDependencies": {
      "@babel/core": "^7.2.2",
      "@babel/plugin-proposal-class-properties": "^7.3.0",
      "@babel/plugin-syntax-dynamic-import": "^7.2.0",
      "@babel/plugin-transform-runtime": "^7.2.0",
      "@babel/polyfill": "^7.2.5",
      "@babel/preset-env": "^7.3.1",
      "@babel/preset-react": "^7.0.0",
      "babel-loader": "^8.0.5",
      "babel-plugin-dynamic-import-node": "^2.2.0",
      "babel-plugin-react-transform": "^3.0.0",
      "clean-webpack-plugin": "^1.0.1",
      "copy-webpack-plugin": "^4.6.0",
      "css-loader": "^2.1.0",
      "friendly-errors-webpack-plugin": "^1.7.0",
      "html-loader": "^0.5.5",
      "html-webpack-plugin": "^3.2.0",
      "mini-css-extract-plugin": "^0.5.0",
      "node-sass": "^4.14.0",
      "optimize-css-assets-webpack-plugin": "^5.0.1",
      "sass-loader": "^7.1.0",
      "uglifyjs-webpack-plugin": "^2.1.1",
      "webpack": "^4.29.0",
      "webpack-cli": "^3.2.1",
      "webpack-dev-server": "^3.1.14",
      "webpack-filter-warnings-plugin": "^1.2.1",
      "webpack-merge": "^4.2.1"
    },
    "dependencies": {
      "@babel/runtime": "^7.3.1",
      "availity-reactstrap-validation": "^2.0.4",
      "axios": "^0.18.0",
      "bcryptjs": "^2.4.3",
      "chart.js": "^2.7.2",
      "chartjs-plugin-datalabels": "^0.3.0",
      "classnames": "2.2.6",
      "concurrently": "^6.2.0",
      "draft-js": "^0.10.5",
      "express": "^4.17.1",
      "firebase": "^8.2.4",
      "moment": "2.22.2",
      "morgan": "^1.10.0",
      "mysql": "^2.18.1",
      "nodemailer": "^6.6.2",
      "nodemon": "^2.0.12",
      "qrcode": "^1.4.4",
      "rc-slider": "^8.6.1",
      "rc-switch": "^1.6.0",
      "react": "^16.7.0",
      "react-autosuggest": "^9.3.4",
      "react-big-calendar": "^0.19.2",
      "react-chartjs-2": "^2.7.4",
      "react-circular-progressbar": "^1.0.0",
      "react-contextmenu": "^2.9.4",
      "react-datepicker": "^1.5.0",
      "react-dom": "^16.7.0",
      "react-dropzone-component": "^3.2.0",
      "react-google-maps": "^9.4.5",
      "react-headroom": "^2.2.4",
      "react-intl": "2.4.0",
      "react-lines-ellipsis": "^0.13.2",
      "react-loadable": "5.4.0",
      "react-mousetrap": "^0.2.0",
      "react-perfect-scrollbar": "^1.1.1",
      "react-quill": "^1.3.1",
      "react-rater": "^5.0.3",
      "react-redux": "5.0.7",
      "react-router-dom": "^4.2.2",
      "react-scroll-to-component": "^1.0.2",
      "react-select": "^2.0.0-beta.7",
      "react-sortablejs": "^1.3.6",
      "react-table": "^6.8.6",
      "react-tagsinput": "^3.19.0",
      "react-toastify": "^7.0.4",
      "react-transition-group": "^1.2.0",
      "react-yandex-maps": "^3.0.2",
      "reactstrap": "^6.5.0",
      "redux": "4.0.0",
      "redux-saga": "^0.16.0",
      "sortablejs": "^1.6.1",
      "speakeasy": "^2.0.0",
      "video.js": "^7.3.0"
    }
  }

yarn manifest: 
  No manifest

Lockfile: 
  No lockfile
